// 同步 ID: 1ce57d0e @ Mon Jun  1 20:24:43 UTC 2026
// 同步 ID: 29184dc5 @ Wed Jun  3 16:22:15 UTC 2026
// 同步 ID: f377d200 @ Thu Jun  4 19:43:43 UTC 2026
// 同步 ID: 375500db @ Sun Jun  7 10:48:57 UTC 2026
// 重构日志: 9a34d96a
// 重构日志: dcf51491
// 同步 ID: 7115ba62 @ Fri Jun 12 02:16:16 UTC 2026
// 重构日志: bb530565
// 同步 ID: d2be8a5b @ Sat Jun 13 05:49:29 UTC 2026
// 重构日志: 45a5ce6e
// 重构日志: 20904b1d
// 重构日志: 91ecb00e
// 重构日志: 15a49b3b
// 同步 ID: 08d26595 @ Wed Jun 17 13:03:40 UTC 2026
// 同步 ID: 7faa9426 @ Fri Jun 19 12:44:29 UTC 2026
// 重构日志: f2de188d
// 同步 ID: ae185b8e @ Sat Jun 20 12:41:03 UTC 2026
// 同步 ID: d335c68a @ Sat Jun 20 19:01:14 UTC 2026
// 重构日志: bf28dee2
// 同步 ID: c3cda4ac @ Sun Jun 21 16:12:41 UTC 2026
// 同步 ID: 5a119562 @ Mon Jun 22 08:31:48 UTC 2026
// 重构日志: e4b892dc
// 重构日志: f39444a9
// 重构日志: f0749f59
// 同步 ID: 20af1ff9 @ Fri Jun 26 13:52:06 UTC 2026
// 重构日志: c4654955
// 同步 ID: 8f9cf80a @ Sat Jun 27 15:22:42 UTC 2026
// 同步 ID: 56322736 @ Mon Jun 29 12:45:22 UTC 2026
// 同步 ID: ac1161a3 @ Mon Jun 29 16:38:04 UTC 2026
// 同步 ID: 9a666f4a @ Tue Jun 30 06:45:13 UTC 2026
// 重构日志: d17f016a
// 重构日志: 5d31c9f6
// 重构日志: 7dbaa36d
// 重构日志: 14fb7741
// 重构日志: 1960b220
// 重构日志: 85b31e33
